<?xml version="1.0" encoding="utf-8"?><testsuites name="pytest tests"><testsuite name="pytest" errors="0" failures="0" skipped="0" tests="23" time="5.814" timestamp="2026-04-29T12:55:42.047383+00:00" hostname="agent-env-a6d37d7d-5532-401a-83ff-7a1ccd27ab13"><testcase classname="backend.tests.test_grocery_app.TestAuth" name="test_admin_login" time="0.690" /><testcase classname="backend.tests.test_grocery_app.TestAuth" name="test_customer_register_or_login" time="0.582" /><testcase classname="backend.tests.test_grocery_app.TestAuth" name="test_me_unauth" time="0.158" /><testcase classname="backend.tests.test_grocery_app.TestAuth" name="test_login_invalid" time="0.392" /><testcase classname="backend.tests.test_grocery_app.TestCategories" name="test_list_categories" time="0.116" /><testcase classname="backend.tests.test_grocery_app.TestProducts" name="test_list_products" time="0.156" /><testcase classname="backend.tests.test_grocery_app.TestProducts" name="test_get_product_by_id" time="0.243" /><testcase classname="backend.tests.test_grocery_app.TestProducts" name="test_create_product_forbidden_customer" time="0.255" /><testcase classname="backend.tests.test_grocery_app.TestProducts" name="test_create_product_admin" time="0.422" /><testcase classname="backend.tests.test_grocery_app.TestProducts" name="test_toggle_active" time="0.547" /><testcase classname="backend.tests.test_grocery_app.TestOrders" name="test_place_order" time="0.299" /><testcase classname="backend.tests.test_grocery_app.TestOrders" name="test_my_orders" time="0.111" /><testcase classname="backend.tests.test_grocery_app.TestOrders" name="test_orders_all_admin" time="0.112" /><testcase classname="backend.tests.test_grocery_app.TestOrders" name="test_orders_all_customer_forbidden" time="0.109" /><testcase classname="backend.tests.test_grocery_app.TestOrders" name="test_update_status" time="0.215" /><testcase classname="backend.tests.test_grocery_app.TestOrders" name="test_tracking" time="0.112" /><testcase classname="backend.tests.test_grocery_app.TestOrders" name="test_bill" time="0.134" /><testcase classname="backend.tests.test_grocery_app.TestAdminReports" name="test_dashboard" time="0.108" /><testcase classname="backend.tests.test_grocery_app.TestAdminReports" name="test_balance_sheet" time="0.105" /><testcase classname="backend.tests.test_grocery_app.TestAdminReports" name="test_dashboard_forbidden_customer" time="0.121" /><testcase classname="backend.tests.test_grocery_app.TestShopSettings" name="test_get_shop" time="0.101" /><testcase classname="backend.tests.test_grocery_app.TestShopSettings" name="test_update_shop_admin" time="0.487" /><testcase classname="backend.tests.test_grocery_app.TestShopSettings" name="test_update_shop_forbidden_customer" time="0.101" /></testsuite></testsuites>